[0.149s] Invoking command in '/ros2_ws/src/build/my_package_cpp': CMAKE_PREFIX_PATH=${CMAKE_PREFIX_PATH}:/ros2_ws/install/my_package:/opt/ros/humble /usr/bin/cmake /ros2_ws/src/my_package_cpp -DCMAKE_INSTALL_PREFIX=/ros2_ws/src/install/my_package_cpp
[0.785s] -- The C compiler identification is GNU 11.4.0
[1.153s] -- The CXX compiler identification is GNU 11.4.0
[1.229s] -- Detecting C compiler ABI info
[2.218s] -- Detecting C compiler ABI info - done
[2.235s] -- Check for working C compiler: /usr/bin/cc - skipped
[2.236s] -- Detecting C compile features
[2.236s] -- Detecting C compile features - done
[2.272s] -- Detecting CXX compiler ABI info
[3.333s] -- Detecting CXX compiler ABI info - done
[3.350s] -- Check for working CXX compiler: /usr/bin/c++ - skipped
[3.351s] -- Detecting CXX compile features
[3.355s] -- Detecting CXX compile features - done
[3.456s] -- Found ament_cmake: 1.3.9 (/opt/ros/humble/share/ament_cmake/cmake)
[4.770s] -- Found Python3: /usr/bin/python3 (found version "3.10.12") found components: Interpreter 
[6.236s] -- Found ament_lint_auto: 0.12.11 (/opt/ros/humble/share/ament_lint_auto/cmake)
[7.381s] -- Added test 'cppcheck' to perform static code analysis on C / C++ code
[7.382s] -- Configured cppcheck include dirs: $<BUILD_INTERFACE:/ros2_ws/src/my_package_cpp/include>
[7.382s] -- Configured cppcheck exclude dirs and/or files: 
[7.447s] -- Added test 'lint_cmake' to check CMake code style
[7.615s] -- Added test 'uncrustify' to check C / C++ code style
[7.615s] -- Configured uncrustify additional arguments: 
[7.646s] -- Added test 'xmllint' to check XML markup files
[7.751s] -- Configuring done
[7.967s] -- Generating done
[8.019s] -- Build files have been written to: /ros2_ws/src/build/my_package_cpp
[8.022s] Invoked command in '/ros2_ws/src/build/my_package_cpp' returned '0': CMAKE_PREFIX_PATH=${CMAKE_PREFIX_PATH}:/ros2_ws/install/my_package:/opt/ros/humble /usr/bin/cmake /ros2_ws/src/my_package_cpp -DCMAKE_INSTALL_PREFIX=/ros2_ws/src/install/my_package_cpp
[8.030s] Invoking command in '/ros2_ws/src/build/my_package_cpp': CMAKE_PREFIX_PATH=${CMAKE_PREFIX_PATH}:/ros2_ws/install/my_package:/opt/ros/humble /usr/bin/cmake --build /ros2_ws/src/build/my_package_cpp -- -j16 -l16
[8.794s] [ 50%] [32mBuilding CXX object CMakeFiles/my_node.dir/src/my_node.cpp.o[0m
[9.116s] [100%] [32m[1mLinking CXX executable my_node[0m
[9.503s] [100%] Built target my_node
[9.607s] Invoked command in '/ros2_ws/src/build/my_package_cpp' returned '0': CMAKE_PREFIX_PATH=${CMAKE_PREFIX_PATH}:/ros2_ws/install/my_package:/opt/ros/humble /usr/bin/cmake --build /ros2_ws/src/build/my_package_cpp -- -j16 -l16
[10.510s] Invoking command in '/ros2_ws/src/build/my_package_cpp': CMAKE_PREFIX_PATH=${CMAKE_PREFIX_PATH}:/ros2_ws/install/my_package:/opt/ros/humble /usr/bin/cmake --install /ros2_ws/src/build/my_package_cpp
[10.603s] -- Install configuration: ""
[10.619s] -- Installing: /ros2_ws/src/install/my_package_cpp/lib/my_package_cpp/my_node
[10.678s] -- Installing: /ros2_ws/src/install/my_package_cpp/share/ament_index/resource_index/package_run_dependencies/my_package_cpp
[10.753s] -- Installing: /ros2_ws/src/install/my_package_cpp/share/ament_index/resource_index/parent_prefix_path/my_package_cpp
[10.814s] -- Installing: /ros2_ws/src/install/my_package_cpp/share/my_package_cpp/environment/ament_prefix_path.sh
[10.857s] -- Installing: /ros2_ws/src/install/my_package_cpp/share/my_package_cpp/environment/ament_prefix_path.dsv
[10.902s] -- Installing: /ros2_ws/src/install/my_package_cpp/share/my_package_cpp/environment/path.sh
[10.944s] -- Installing: /ros2_ws/src/install/my_package_cpp/share/my_package_cpp/environment/path.dsv
[10.991s] -- Installing: /ros2_ws/src/install/my_package_cpp/share/my_package_cpp/local_setup.bash
[11.032s] -- Installing: /ros2_ws/src/install/my_package_cpp/share/my_package_cpp/local_setup.sh
[11.075s] -- Installing: /ros2_ws/src/install/my_package_cpp/share/my_package_cpp/local_setup.zsh
[11.114s] -- Installing: /ros2_ws/src/install/my_package_cpp/share/my_package_cpp/local_setup.dsv
[11.155s] -- Installing: /ros2_ws/src/install/my_package_cpp/share/my_package_cpp/package.dsv
[11.213s] -- Installing: /ros2_ws/src/install/my_package_cpp/share/ament_index/resource_index/packages/my_package_cpp
[11.279s] -- Installing: /ros2_ws/src/install/my_package_cpp/share/my_package_cpp/cmake/my_package_cppConfig.cmake
[11.323s] -- Installing: /ros2_ws/src/install/my_package_cpp/share/my_package_cpp/cmake/my_package_cppConfig-version.cmake
[11.367s] -- Installing: /ros2_ws/src/install/my_package_cpp/share/my_package_cpp/package.xml
[11.402s] Invoked command in '/ros2_ws/src/build/my_package_cpp' returned '0': CMAKE_PREFIX_PATH=${CMAKE_PREFIX_PATH}:/ros2_ws/install/my_package:/opt/ros/humble /usr/bin/cmake --install /ros2_ws/src/build/my_package_cpp
